1619131944: mosquitto version 1.4.10 (build date Wed, 13 Feb 2019 00:45:38 +0000) starting
1619131944: Config loaded from mosquitto.conf.
1619131944: Opening ipv4 listen socket on port 1883.
1619131944: Opening ipv6 listen socket on port 1883.
1619138704: mosquitto version 1.4.10 (build date Wed, 13 Feb 2019 00:45:38 +0000) starting
1619138704: Config loaded from mosquitto.conf.
1619138704: Opening ipv4 listen socket on port 1883.
1619138704: Opening ipv6 listen socket on port 1883.
1619138845: Error in poll: Interrupted system call.
1619138845: mosquitto version 1.4.10 terminating
1619138846: mosquitto version 1.4.10 (build date Wed, 13 Feb 2019 00:45:38 +0000) starting
1619138846: Config loaded from mosquitto.conf.
1619138846: Opening ipv4 listen socket on port 1883.
1619138846: Opening ipv6 listen socket on port 1883.
1619138902: Error in poll: Interrupted system call.
1619138902: mosquitto version 1.4.10 terminating
1619138903: mosquitto version 1.4.10 (build date Wed, 13 Feb 2019 00:45:38 +0000) starting
1619138903: Config loaded from mosquitto.conf.
1619138903: Opening ipv4 listen socket on port 1883.
1619138903: Opening ipv6 listen socket on port 1883.
1619138944: mosquitto version 1.4.10 (build date Wed, 13 Feb 2019 00:45:38 +0000) starting
1619138944: Config loaded from mosquitto.conf.
1619138944: Opening ipv4 listen socket on port 1883.
1619138944: Opening ipv6 listen socket on port 1883.
